<?xml version="1.0" encoding="UTF-8"?>
<testsuite xmlns:xsi="http://www.w3.org/2001/XMLSchema-instance" xsi:noNamespaceSchemaLocation="https://maven.apache.org/surefire/maven-surefire-plugin/xsd/surefire-test-report.xsd" version="3.0.1" name="com.ciel.app.AppTest" time="0.046" tests="1" errors="0" skipped="0" failures="0">
  <properties>
    <property name="gopherProxySet" value="false"/>
    <property name="awt.toolkit" value="sun.lwawt.macosx.LWCToolkit"/>
    <property name="file.encoding.pkg" value="sun.io"/>
    <property name="java.specification.version" value="1.8"/>
    <property name="sun.cpu.isalist" value=""/>
    <property name="sun.jnu.encoding" value="UTF-8"/>
    <property name="java.class.path" value="/Users/byeongcheollim/workspace/hadoop/java/max-temperature/target/test-classes:/Users/byeongcheollim/workspace/hadoop/java/max-temperature/target/classes:/Users/byeongcheollim/.m2/repository/org/junit/jupiter/junit-jupiter-api/5.11.0/junit-jupiter-api-5.11.0.jar:/Users/byeongcheollim/.m2/repository/org/opentest4j/opentest4j/1.3.0/opentest4j-1.3.0.jar:/Users/byeongcheollim/.m2/repository/org/junit/platform/junit-platform-commons/1.11.0/junit-platform-commons-1.11.0.jar:/Users/byeongcheollim/.m2/repository/org/apiguardian/apiguardian-api/1.1.2/apiguardian-api-1.1.2.jar:/Users/byeongcheollim/.m2/repository/org/junit/jupiter/junit-jupiter-params/5.11.0/junit-jupiter-params-5.11.0.jar:/Users/byeongcheollim/.m2/repository/org/apache/hadoop/hadoop-common/3.4.1/hadoop-common-3.4.1.jar:/Users/byeongcheollim/.m2/repository/org/apache/hadoop/thirdparty/hadoop-shaded-protobuf_3_25/1.3.0/hadoop-shaded-protobuf_3_25-1.3.0.jar:/Users/byeongcheollim/.m2/repository/org/apache/hadoop/hadoop-annotations/3.4.1/hadoop-annotations-3.4.1.jar:/Users/byeongcheollim/Library/Java/JavaVirtualMachines/azul-1.8.0_422/Contents/Home/jre/../lib/tools.jar:/Users/byeongcheollim/.m2/repository/org/apache/hadoop/thirdparty/hadoop-shaded-guava/1.3.0/hadoop-shaded-guava-1.3.0.jar:/Users/byeongcheollim/.m2/repository/com/google/guava/guava/27.0-jre/guava-27.0-jre.jar:/Users/byeongcheollim/.m2/repository/com/google/guava/failureaccess/1.0/failureaccess-1.0.jar:/Users/byeongcheollim/.m2/repository/com/google/guava/listenablefuture/9999.0-empty-to-avoid-conflict-with-guava/listenablefuture-9999.0-empty-to-avoid-conflict-with-guava.jar:/Users/byeongcheollim/.m2/repository/org/checkerframework/checker-qual/2.5.2/checker-qual-2.5.2.jar:/Users/byeongcheollim/.m2/repository/com/google/j2objc/j2objc-annotations/1.1/j2objc-annotations-1.1.jar:/Users/byeongcheollim/.m2/repository/org/codehaus/mojo/animal-sniffer-annotations/1.17/animal-sniffer-annotations-1.17.jar:/Users/byeongcheollim/.m2/repository/commons-cli/commons-cli/1.5.0/commons-cli-1.5.0.jar:/Users/byeongcheollim/.m2/repository/org/apache/commons/commons-math3/3.6.1/commons-math3-3.6.1.jar:/Users/byeongcheollim/.m2/repository/org/apache/httpcomponents/httpclient/4.5.13/httpclient-4.5.13.jar:/Users/byeongcheollim/.m2/repository/org/apache/httpcomponents/httpcore/4.4.13/httpcore-4.4.13.jar:/Users/byeongcheollim/.m2/repository/commons-logging/commons-logging/1.2/commons-logging-1.2.jar:/Users/byeongcheollim/.m2/repository/commons-codec/commons-codec/1.15/commons-codec-1.15.jar:/Users/byeongcheollim/.m2/repository/commons-io/commons-io/2.16.1/commons-io-2.16.1.jar:/Users/byeongcheollim/.m2/repository/commons-net/commons-net/3.9.0/commons-net-3.9.0.jar:/Users/byeongcheollim/.m2/repository/commons-collections/commons-collections/3.2.2/commons-collections-3.2.2.jar:/Users/byeongcheollim/.m2/repository/javax/servlet/javax.servlet-api/3.1.0/javax.servlet-api-3.1.0.jar:/Users/byeongcheollim/.m2/repository/jakarta/activation/jakarta.activation-api/1.2.1/jakarta.activation-api-1.2.1.jar:/Users/byeongcheollim/.m2/repository/org/eclipse/jetty/jetty-server/9.4.53.v20231009/jetty-server-9.4.53.v20231009.jar:/Users/byeongcheollim/.m2/repository/org/eclipse/jetty/jetty-http/9.4.53.v20231009/jetty-http-9.4.53.v20231009.jar:/Users/byeongcheollim/.m2/repository/org/eclipse/jetty/jetty-io/9.4.53.v20231009/jetty-io-9.4.53.v20231009.jar:/Users/byeongcheollim/.m2/repository/org/eclipse/jetty/jetty-util/9.4.53.v20231009/jetty-util-9.4.53.v20231009.jar:/Users/byeongcheollim/.m2/repository/org/eclipse/jetty/jetty-servlet/9.4.53.v20231009/jetty-servlet-9.4.53.v20231009.jar:/Users/byeongcheollim/.m2/repository/org/eclipse/jetty/jetty-security/9.4.53.v20231009/jetty-security-9.4.53.v20231009.jar:/Users/byeongcheollim/.m2/repository/org/eclipse/jetty/jetty-util-ajax/9.4.53.v20231009/jetty-util-ajax-9.4.53.v20231009.jar:/Users/byeongcheollim/.m2/repository/org/eclipse/jetty/jetty-webapp/9.4.53.v20231009/jetty-webapp-9.4.53.v20231009.jar:/Users/byeongcheollim/.m2/repository/org/eclipse/jetty/jetty-xml/9.4.53.v20231009/jetty-xml-9.4.53.v20231009.jar:/Users/byeongcheollim/.m2/repository/javax/servlet/jsp/jsp-api/2.1/jsp-api-2.1.jar:/Users/byeongcheollim/.m2/repository/com/sun/jersey/jersey-core/1.19.4/jersey-core-1.19.4.jar:/Users/byeongcheollim/.m2/repository/javax/ws/rs/jsr311-api/1.1.1/jsr311-api-1.1.1.jar:/Users/byeongcheollim/.m2/repository/com/sun/jersey/jersey-servlet/1.19.4/jersey-servlet-1.19.4.jar:/Users/byeongcheollim/.m2/repository/com/github/pjfanning/jersey-json/1.22.0/jersey-json-1.22.0.jar:/Users/byeongcheollim/.m2/repository/com/sun/xml/bind/jaxb-impl/2.2.3-1/jaxb-impl-2.2.3-1.jar:/Users/byeongcheollim/.m2/repository/org/codehaus/jettison/jettison/1.5.4/jettison-1.5.4.jar:/Users/byeongcheollim/.m2/repository/com/sun/jersey/jersey-server/1.19.4/jersey-server-1.19.4.jar:/Users/byeongcheollim/.m2/repository/ch/qos/reload4j/reload4j/1.2.22/reload4j-1.2.22.jar:/Users/byeongcheollim/.m2/repository/commons-beanutils/commons-beanutils/1.9.4/commons-beanutils-1.9.4.jar:/Users/byeongcheollim/.m2/repository/org/apache/commons/commons-configuration2/2.10.1/commons-configuration2-2.10.1.jar:/Users/byeongcheollim/.m2/repository/org/apache/commons/commons-lang3/3.12.0/commons-lang3-3.12.0.jar:/Users/byeongcheollim/.m2/repository/org/apache/commons/commons-text/1.10.0/commons-text-1.10.0.jar:/Users/byeongcheollim/.m2/repository/org/slf4j/slf4j-api/1.7.36/slf4j-api-1.7.36.jar:/Users/byeongcheollim/.m2/repository/org/slf4j/slf4j-reload4j/1.7.36/slf4j-reload4j-1.7.36.jar:/Users/byeongcheollim/.m2/repository/org/apache/avro/avro/1.9.2/avro-1.9.2.jar:/Users/byeongcheollim/.m2/repository/com/fasterxml/jackson/core/jackson-core/2.10.2/jackson-core-2.10.2.jar:/Users/byeongcheollim/.m2/repository/com/google/re2j/re2j/1.1/re2j-1.1.jar:/Users/byeongcheollim/.m2/repository/com/google/code/gson/gson/2.9.0/gson-2.9.0.jar:/Users/byeongcheollim/.m2/repository/org/apache/hadoop/hadoop-auth/3.4.1/hadoop-auth-3.4.1.jar:/Users/byeongcheollim/.m2/repository/com/nimbusds/nimbus-jose-jwt/9.37.2/nimbus-jose-jwt-9.37.2.jar:/Users/byeongcheollim/.m2/repository/com/github/stephenc/jcip/jcip-annotations/1.0-1/jcip-annotations-1.0-1.jar:/Users/byeongcheollim/.m2/repository/org/apache/curator/curator-framework/5.2.0/curator-framework-5.2.0.jar:/Users/byeongcheollim/.m2/repository/org/apache/kerby/kerb-util/2.0.3/kerb-util-2.0.3.jar:/Users/byeongcheollim/.m2/repository/org/apache/kerby/kerby-config/2.0.3/kerby-config-2.0.3.jar:/Users/byeongcheollim/.m2/repository/org/apache/kerby/kerb-crypto/2.0.3/kerb-crypto-2.0.3.jar:/Users/byeongcheollim/.m2/repository/com/jcraft/jsch/0.1.55/jsch-0.1.55.jar:/Users/byeongcheollim/.m2/repository/org/apache/curator/curator-client/5.2.0/curator-client-5.2.0.jar:/Users/byeongcheollim/.m2/repository/org/apache/curator/curator-recipes/5.2.0/curator-recipes-5.2.0.jar:/Users/byeongcheollim/.m2/repository/com/google/code/findbugs/jsr305/3.0.2/jsr305-3.0.2.jar:/Users/byeongcheollim/.m2/repository/org/apache/zookeeper/zookeeper/3.8.4/zookeeper-3.8.4.jar:/Users/byeongcheollim/.m2/repository/org/apache/zookeeper/zookeeper-jute/3.8.4/zookeeper-jute-3.8.4.jar:/Users/byeongcheollim/.m2/repository/org/apache/yetus/audience-annotations/0.12.0/audience-annotations-0.12.0.jar:/Users/byeongcheollim/.m2/repository/io/netty/netty-handler/4.1.100.Final/netty-handler-4.1.100.Final.jar:/Users/byeongcheollim/.m2/repository/io/netty/netty-common/4.1.100.Final/netty-common-4.1.100.Final.jar:/Users/byeongcheollim/.m2/repository/io/netty/netty-resolver/4.1.100.Final/netty-resolver-4.1.100.Final.jar:/Users/byeongcheollim/.m2/repository/io/netty/netty-buffer/4.1.100.Final/netty-buffer-4.1.100.Final.jar:/Users/byeongcheollim/.m2/repository/io/netty/netty-transport/4.1.100.Final/netty-transport-4.1.100.Final.jar:/Users/byeongcheollim/.m2/repository/io/netty/netty-transport-native-unix-common/4.1.100.Final/netty-transport-native-unix-common-4.1.100.Final.jar:/Users/byeongcheollim/.m2/repository/io/netty/netty-codec/4.1.100.Final/netty-codec-4.1.100.Final.jar:/Users/byeongcheollim/.m2/repository/io/netty/netty-transport-native-epoll/4.1.100.Final/netty-transport-native-epoll-4.1.100.Final.jar:/Users/byeongcheollim/.m2/repository/io/netty/netty-transport-classes-epoll/4.1.100.Final/netty-transport-classes-epoll-4.1.100.Final.jar:/Users/byeongcheollim/.m2/repository/io/dropwizard/metrics/metrics-core/3.2.4/metrics-core-3.2.4.jar:/Users/byeongcheollim/.m2/repository/org/apache/commons/commons-compress/1.26.1/commons-compress-1.26.1.jar:/Users/byeongcheollim/.m2/repository/org/bouncycastle/bcprov-jdk18on/1.78.1/bcprov-jdk18on-1.78.1.jar:/Users/byeongcheollim/.m2/repository/org/apache/kerby/kerb-core/2.0.3/kerb-core-2.0.3.jar:/Users/byeongcheollim/.m2/repository/org/apache/kerby/kerby-pkix/2.0.3/kerby-pkix-2.0.3.jar:/Users/byeongcheollim/.m2/repository/org/apache/kerby/kerby-asn1/2.0.3/kerby-asn1-2.0.3.jar:/Users/byeongcheollim/.m2/repository/org/apache/kerby/kerby-util/2.0.3/kerby-util-2.0.3.jar:/Users/byeongcheollim/.m2/repository/com/fasterxml/jackson/core/jackson-databind/2.12.7.1/jackson-databind-2.12.7.1.jar:/Users/byeongcheollim/.m2/repository/com/fasterxml/jackson/core/jackson-annotations/2.12.7/jackson-annotations-2.12.7.jar:/Users/byeongcheollim/.m2/repository/org/codehaus/woodstox/stax2-api/4.2.1/stax2-api-4.2.1.jar:/Users/byeongcheollim/.m2/repository/com/fasterxml/woodstox/woodstox-core/5.4.0/woodstox-core-5.4.0.jar:/Users/byeongcheollim/.m2/repository/dnsjava/dnsjava/3.6.1/dnsjava-3.6.1.jar:/Users/byeongcheollim/.m2/repository/org/xerial/snappy/snappy-java/1.1.10.4/snappy-java-1.1.10.4.jar:/Users/byeongcheollim/.m2/repository/org/apache/hadoop/hadoop-mapreduce-client-core/3.4.1/hadoop-mapreduce-client-core-3.4.1.jar:/Users/byeongcheollim/.m2/repository/org/apache/hadoop/hadoop-yarn-client/3.4.1/hadoop-yarn-client-3.4.1.jar:/Users/byeongcheollim/.m2/repository/org/eclipse/jetty/websocket/websocket-client/9.4.53.v20231009/websocket-client-9.4.53.v20231009.jar:/Users/byeongcheollim/.m2/repository/org/eclipse/jetty/jetty-client/9.4.53.v20231009/jetty-client-9.4.53.v20231009.jar:/Users/byeongcheollim/.m2/repository/org/eclipse/jetty/websocket/websocket-common/9.4.53.v20231009/websocket-common-9.4.53.v20231009.jar:/Users/byeongcheollim/.m2/repository/org/eclipse/jetty/websocket/websocket-api/9.4.53.v20231009/websocket-api-9.4.53.v20231009.jar:/Users/byeongcheollim/.m2/repository/org/apache/hadoop/hadoop-yarn-api/3.4.1/hadoop-yarn-api-3.4.1.jar:/Users/byeongcheollim/.m2/repository/org/jline/jline/3.9.0/jline-3.9.0.jar:/Users/byeongcheollim/.m2/repository/org/apache/hadoop/hadoop-yarn-common/3.4.1/hadoop-yarn-common-3.4.1.jar:/Users/byeongcheollim/.m2/repository/javax/xml/bind/jaxb-api/2.2.11/jaxb-api-2.2.11.jar:/Users/byeongcheollim/.m2/repository/com/sun/jersey/jersey-client/1.19.4/jersey-client-1.19.4.jar:/Users/byeongcheollim/.m2/repository/com/google/inject/guice/4.2.3/guice-4.2.3.jar:/Users/byeongcheollim/.m2/repository/javax/inject/javax.inject/1/javax.inject-1.jar:/Users/byeongcheollim/.m2/repository/aopalliance/aopalliance/1.0/aopalliance-1.0.jar:/Users/byeongcheollim/.m2/repository/com/sun/jersey/contribs/jersey-guice/1.19.4/jersey-guice-1.19.4.jar:/Users/byeongcheollim/.m2/repository/com/fasterxml/jackson/module/jackson-module-jaxb-annotations/2.12.7/jackson-module-jaxb-annotations-2.12.7.jar:/Users/byeongcheollim/.m2/repository/jakarta/xml/bind/jakarta.xml.bind-api/2.3.2/jakarta.xml.bind-api-2.3.2.jar:/Users/byeongcheollim/.m2/repository/com/fasterxml/jackson/jaxrs/jackson-jaxrs-json-provider/2.12.7/jackson-jaxrs-json-provider-2.12.7.jar:/Users/byeongcheollim/.m2/repository/com/fasterxml/jackson/jaxrs/jackson-jaxrs-base/2.12.7/jackson-jaxrs-base-2.12.7.jar:/Users/byeongcheollim/.m2/repository/org/apache/hadoop/hadoop-hdfs-client/3.4.1/hadoop-hdfs-client-3.4.1.jar:/Users/byeongcheollim/.m2/repository/com/google/inject/extensions/guice-servlet/4.2.3/guice-servlet-4.2.3.jar:/Users/byeongcheollim/.m2/repository/io/netty/netty-all/4.1.100.Final/netty-all-4.1.100.Final.jar:/Users/byeongcheollim/.m2/repository/io/netty/netty-codec-dns/4.1.100.Final/netty-codec-dns-4.1.100.Final.jar:/Users/byeongcheollim/.m2/repository/io/netty/netty-codec-haproxy/4.1.100.Final/netty-codec-haproxy-4.1.100.Final.jar:/Users/byeongcheollim/.m2/repository/io/netty/netty-codec-http/4.1.100.Final/netty-codec-http-4.1.100.Final.jar:/Users/byeongcheollim/.m2/repository/io/netty/netty-codec-http2/4.1.100.Final/netty-codec-http2-4.1.100.Final.jar:/Users/byeongcheollim/.m2/repository/io/netty/netty-codec-memcache/4.1.100.Final/netty-codec-memcache-4.1.100.Final.jar:/Users/byeongcheollim/.m2/repository/io/netty/netty-codec-mqtt/4.1.100.Final/netty-codec-mqtt-4.1.100.Final.jar:/Users/byeongcheollim/.m2/repository/io/netty/netty-codec-redis/4.1.100.Final/netty-codec-redis-4.1.100.Final.jar:/Users/byeongcheollim/.m2/repository/io/netty/netty-codec-smtp/4.1.100.Final/netty-codec-smtp-4.1.100.Final.jar:/Users/byeongcheollim/.m2/repository/io/netty/netty-codec-socks/4.1.100.Final/netty-codec-socks-4.1.100.Final.jar:/Users/byeongcheollim/.m2/repository/io/netty/netty-codec-stomp/4.1.100.Final/netty-codec-stomp-4.1.100.Final.jar:/Users/byeongcheollim/.m2/repository/io/netty/netty-codec-xml/4.1.100.Final/netty-codec-xml-4.1.100.Final.jar:/Users/byeongcheollim/.m2/repository/io/netty/netty-handler-proxy/4.1.100.Final/netty-handler-proxy-4.1.100.Final.jar:/Users/byeongcheollim/.m2/repository/io/netty/netty-handler-ssl-ocsp/4.1.100.Final/netty-handler-ssl-ocsp-4.1.100.Final.jar:/Users/byeongcheollim/.m2/repository/io/netty/netty-resolver-dns/4.1.100.Final/netty-resolver-dns-4.1.100.Final.jar:/Users/byeongcheollim/.m2/repository/io/netty/netty-transport-rxtx/4.1.100.Final/netty-transport-rxtx-4.1.100.Final.jar:/Users/byeongcheollim/.m2/repository/io/netty/netty-transport-sctp/4.1.100.Final/netty-transport-sctp-4.1.100.Final.jar:/Users/byeongcheollim/.m2/repository/io/netty/netty-transport-udt/4.1.100.Final/netty-transport-udt-4.1.100.Final.jar:/Users/byeongcheollim/.m2/repository/io/netty/netty-transport-classes-kqueue/4.1.100.Final/netty-transport-classes-kqueue-4.1.100.Final.jar:/Users/byeongcheollim/.m2/repository/io/netty/netty-resolver-dns-classes-macos/4.1.100.Final/netty-resolver-dns-classes-macos-4.1.100.Final.jar:/Users/byeongcheollim/.m2/repository/io/netty/netty-transport-native-epoll/4.1.100.Final/netty-transport-native-epoll-4.1.100.Final-linux-x86_64.jar:/Users/byeongcheollim/.m2/repository/io/netty/netty-transport-native-epoll/4.1.100.Final/netty-transport-native-epoll-4.1.100.Final-linux-aarch_64.jar:/Users/byeongcheollim/.m2/repository/io/netty/netty-transport-native-kqueue/4.1.100.Final/netty-transport-native-kqueue-4.1.100.Final-osx-x86_64.jar:/Users/byeongcheollim/.m2/repository/io/netty/netty-transport-native-kqueue/4.1.100.Final/netty-transport-native-kqueue-4.1.100.Final-osx-aarch_64.jar:/Users/byeongcheollim/.m2/repository/io/netty/netty-resolver-dns-native-macos/4.1.100.Final/netty-resolver-dns-native-macos-4.1.100.Final-osx-x86_64.jar:/Users/byeongcheollim/.m2/repository/io/netty/netty-resolver-dns-native-macos/4.1.100.Final/netty-resolver-dns-native-macos-4.1.100.Final-osx-aarch_64.jar:"/>
    <property name="java.vm.vendor" value="Azul Systems, Inc."/>
    <property name="sun.arch.data.model" value="64"/>
    <property name="java.vendor.url" value="http://www.azul.com/"/>
    <property name="user.timezone" value=""/>
    <property name="java.vm.specification.version" value="1.8"/>
    <property name="os.name" value="Mac OS X"/>
    <property name="user.country" value="KR"/>
    <property name="sun.java.launcher" value="SUN_STANDARD"/>
    <property name="sun.boot.library.path" value="/Users/byeongcheollim/Library/Java/JavaVirtualMachines/azul-1.8.0_422/Contents/Home/jre/lib"/>
    <property name="sun.java.command" value="/Users/byeongcheollim/workspace/hadoop/java/max-temperature/target/surefire/surefirebooter-20241026154552283_3.jar /Users/byeongcheollim/workspace/hadoop/java/max-temperature/target/surefire 2024-10-26T15-45-52_161-jvmRun1 surefire-20241026154552283_1tmp surefire_0-20241026154552283_2tmp"/>
    <property name="http.nonProxyHosts" value="local|*.local|169.254/16|*.169.254/16|127.0.0.1:21300|*.127.0.0.1:21300"/>
    <property name="surefire.test.class.path" value="/Users/byeongcheollim/workspace/hadoop/java/max-temperature/target/test-classes:/Users/byeongcheollim/workspace/hadoop/java/max-temperature/target/classes:/Users/byeongcheollim/.m2/repository/org/junit/jupiter/junit-jupiter-api/5.11.0/junit-jupiter-api-5.11.0.jar:/Users/byeongcheollim/.m2/repository/org/opentest4j/opentest4j/1.3.0/opentest4j-1.3.0.jar:/Users/byeongcheollim/.m2/repository/org/junit/platform/junit-platform-commons/1.11.0/junit-platform-commons-1.11.0.jar:/Users/byeongcheollim/.m2/repository/org/apiguardian/apiguardian-api/1.1.2/apiguardian-api-1.1.2.jar:/Users/byeongcheollim/.m2/repository/org/junit/jupiter/junit-jupiter-params/5.11.0/junit-jupiter-params-5.11.0.jar:/Users/byeongcheollim/.m2/repository/org/apache/hadoop/hadoop-common/3.4.1/hadoop-common-3.4.1.jar:/Users/byeongcheollim/.m2/repository/org/apache/hadoop/thirdparty/hadoop-shaded-protobuf_3_25/1.3.0/hadoop-shaded-protobuf_3_25-1.3.0.jar:/Users/byeongcheollim/.m2/repository/org/apache/hadoop/hadoop-annotations/3.4.1/hadoop-annotations-3.4.1.jar:/Users/byeongcheollim/Library/Java/JavaVirtualMachines/azul-1.8.0_422/Contents/Home/jre/../lib/tools.jar:/Users/byeongcheollim/.m2/repository/org/apache/hadoop/thirdparty/hadoop-shaded-guava/1.3.0/hadoop-shaded-guava-1.3.0.jar:/Users/byeongcheollim/.m2/repository/com/google/guava/guava/27.0-jre/guava-27.0-jre.jar:/Users/byeongcheollim/.m2/repository/com/google/guava/failureaccess/1.0/failureaccess-1.0.jar:/Users/byeongcheollim/.m2/repository/com/google/guava/listenablefuture/9999.0-empty-to-avoid-conflict-with-guava/listenablefuture-9999.0-empty-to-avoid-conflict-with-guava.jar:/Users/byeongcheollim/.m2/repository/org/checkerframework/checker-qual/2.5.2/checker-qual-2.5.2.jar:/Users/byeongcheollim/.m2/repository/com/google/j2objc/j2objc-annotations/1.1/j2objc-annotations-1.1.jar:/Users/byeongcheollim/.m2/repository/org/codehaus/mojo/animal-sniffer-annotations/1.17/animal-sniffer-annotations-1.17.jar:/Users/byeongcheollim/.m2/repository/commons-cli/commons-cli/1.5.0/commons-cli-1.5.0.jar:/Users/byeongcheollim/.m2/repository/org/apache/commons/commons-math3/3.6.1/commons-math3-3.6.1.jar:/Users/byeongcheollim/.m2/repository/org/apache/httpcomponents/httpclient/4.5.13/httpclient-4.5.13.jar:/Users/byeongcheollim/.m2/repository/org/apache/httpcomponents/httpcore/4.4.13/httpcore-4.4.13.jar:/Users/byeongcheollim/.m2/repository/commons-logging/commons-logging/1.2/commons-logging-1.2.jar:/Users/byeongcheollim/.m2/repository/commons-codec/commons-codec/1.15/commons-codec-1.15.jar:/Users/byeongcheollim/.m2/repository/commons-io/commons-io/2.16.1/commons-io-2.16.1.jar:/Users/byeongcheollim/.m2/repository/commons-net/commons-net/3.9.0/commons-net-3.9.0.jar:/Users/byeongcheollim/.m2/repository/commons-collections/commons-collections/3.2.2/commons-collections-3.2.2.jar:/Users/byeongcheollim/.m2/repository/javax/servlet/javax.servlet-api/3.1.0/javax.servlet-api-3.1.0.jar:/Users/byeongcheollim/.m2/repository/jakarta/activation/jakarta.activation-api/1.2.1/jakarta.activation-api-1.2.1.jar:/Users/byeongcheollim/.m2/repository/org/eclipse/jetty/jetty-server/9.4.53.v20231009/jetty-server-9.4.53.v20231009.jar:/Users/byeongcheollim/.m2/repository/org/eclipse/jetty/jetty-http/9.4.53.v20231009/jetty-http-9.4.53.v20231009.jar:/Users/byeongcheollim/.m2/repository/org/eclipse/jetty/jetty-io/9.4.53.v20231009/jetty-io-9.4.53.v20231009.jar:/Users/byeongcheollim/.m2/repository/org/eclipse/jetty/jetty-util/9.4.53.v20231009/jetty-util-9.4.53.v20231009.jar:/Users/byeongcheollim/.m2/repository/org/eclipse/jetty/jetty-servlet/9.4.53.v20231009/jetty-servlet-9.4.53.v20231009.jar:/Users/byeongcheollim/.m2/repository/org/eclipse/jetty/jetty-security/9.4.53.v20231009/jetty-security-9.4.53.v20231009.jar:/Users/byeongcheollim/.m2/repository/org/eclipse/jetty/jetty-util-ajax/9.4.53.v20231009/jetty-util-ajax-9.4.53.v20231009.jar:/Users/byeongcheollim/.m2/repository/org/eclipse/jetty/jetty-webapp/9.4.53.v20231009/jetty-webapp-9.4.53.v20231009.jar:/Users/byeongcheollim/.m2/repository/org/eclipse/jetty/jetty-xml/9.4.53.v20231009/jetty-xml-9.4.53.v20231009.jar:/Users/byeongcheollim/.m2/repository/javax/servlet/jsp/jsp-api/2.1/jsp-api-2.1.jar:/Users/byeongcheollim/.m2/repository/com/sun/jersey/jersey-core/1.19.4/jersey-core-1.19.4.jar:/Users/byeongcheollim/.m2/repository/javax/ws/rs/jsr311-api/1.1.1/jsr311-api-1.1.1.jar:/Users/byeongcheollim/.m2/repository/com/sun/jersey/jersey-servlet/1.19.4/jersey-servlet-1.19.4.jar:/Users/byeongcheollim/.m2/repository/com/github/pjfanning/jersey-json/1.22.0/jersey-json-1.22.0.jar:/Users/byeongcheollim/.m2/repository/com/sun/xml/bind/jaxb-impl/2.2.3-1/jaxb-impl-2.2.3-1.jar:/Users/byeongcheollim/.m2/repository/org/codehaus/jettison/jettison/1.5.4/jettison-1.5.4.jar:/Users/byeongcheollim/.m2/repository/com/sun/jersey/jersey-server/1.19.4/jersey-server-1.19.4.jar:/Users/byeongcheollim/.m2/repository/ch/qos/reload4j/reload4j/1.2.22/reload4j-1.2.22.jar:/Users/byeongcheollim/.m2/repository/commons-beanutils/commons-beanutils/1.9.4/commons-beanutils-1.9.4.jar:/Users/byeongcheollim/.m2/repository/org/apache/commons/commons-configuration2/2.10.1/commons-configuration2-2.10.1.jar:/Users/byeongcheollim/.m2/repository/org/apache/commons/commons-lang3/3.12.0/commons-lang3-3.12.0.jar:/Users/byeongcheollim/.m2/repository/org/apache/commons/commons-text/1.10.0/commons-text-1.10.0.jar:/Users/byeongcheollim/.m2/repository/org/slf4j/slf4j-api/1.7.36/slf4j-api-1.7.36.jar:/Users/byeongcheollim/.m2/repository/org/slf4j/slf4j-reload4j/1.7.36/slf4j-reload4j-1.7.36.jar:/Users/byeongcheollim/.m2/repository/org/apache/avro/avro/1.9.2/avro-1.9.2.jar:/Users/byeongcheollim/.m2/repository/com/fasterxml/jackson/core/jackson-core/2.10.2/jackson-core-2.10.2.jar:/Users/byeongcheollim/.m2/repository/com/google/re2j/re2j/1.1/re2j-1.1.jar:/Users/byeongcheollim/.m2/repository/com/google/code/gson/gson/2.9.0/gson-2.9.0.jar:/Users/byeongcheollim/.m2/repository/org/apache/hadoop/hadoop-auth/3.4.1/hadoop-auth-3.4.1.jar:/Users/byeongcheollim/.m2/repository/com/nimbusds/nimbus-jose-jwt/9.37.2/nimbus-jose-jwt-9.37.2.jar:/Users/byeongcheollim/.m2/repository/com/github/stephenc/jcip/jcip-annotations/1.0-1/jcip-annotations-1.0-1.jar:/Users/byeongcheollim/.m2/repository/org/apache/curator/curator-framework/5.2.0/curator-framework-5.2.0.jar:/Users/byeongcheollim/.m2/repository/org/apache/kerby/kerb-util/2.0.3/kerb-util-2.0.3.jar:/Users/byeongcheollim/.m2/repository/org/apache/kerby/kerby-config/2.0.3/kerby-config-2.0.3.jar:/Users/byeongcheollim/.m2/repository/org/apache/kerby/kerb-crypto/2.0.3/kerb-crypto-2.0.3.jar:/Users/byeongcheollim/.m2/repository/com/jcraft/jsch/0.1.55/jsch-0.1.55.jar:/Users/byeongcheollim/.m2/repository/org/apache/curator/curator-client/5.2.0/curator-client-5.2.0.jar:/Users/byeongcheollim/.m2/repository/org/apache/curator/curator-recipes/5.2.0/curator-recipes-5.2.0.jar:/Users/byeongcheollim/.m2/repository/com/google/code/findbugs/jsr305/3.0.2/jsr305-3.0.2.jar:/Users/byeongcheollim/.m2/repository/org/apache/zookeeper/zookeeper/3.8.4/zookeeper-3.8.4.jar:/Users/byeongcheollim/.m2/repository/org/apache/zookeeper/zookeeper-jute/3.8.4/zookeeper-jute-3.8.4.jar:/Users/byeongcheollim/.m2/repository/org/apache/yetus/audience-annotations/0.12.0/audience-annotations-0.12.0.jar:/Users/byeongcheollim/.m2/repository/io/netty/netty-handler/4.1.100.Final/netty-handler-4.1.100.Final.jar:/Users/byeongcheollim/.m2/repository/io/netty/netty-common/4.1.100.Final/netty-common-4.1.100.Final.jar:/Users/byeongcheollim/.m2/repository/io/netty/netty-resolver/4.1.100.Final/netty-resolver-4.1.100.Final.jar:/Users/byeongcheollim/.m2/repository/io/netty/netty-buffer/4.1.100.Final/netty-buffer-4.1.100.Final.jar:/Users/byeongcheollim/.m2/repository/io/netty/netty-transport/4.1.100.Final/netty-transport-4.1.100.Final.jar:/Users/byeongcheollim/.m2/repository/io/netty/netty-transport-native-unix-common/4.1.100.Final/netty-transport-native-unix-common-4.1.100.Final.jar:/Users/byeongcheollim/.m2/repository/io/netty/netty-codec/4.1.100.Final/netty-codec-4.1.100.Final.jar:/Users/byeongcheollim/.m2/repository/io/netty/netty-transport-native-epoll/4.1.100.Final/netty-transport-native-epoll-4.1.100.Final.jar:/Users/byeongcheollim/.m2/repository/io/netty/netty-transport-classes-epoll/4.1.100.Final/netty-transport-classes-epoll-4.1.100.Final.jar:/Users/byeongcheollim/.m2/repository/io/dropwizard/metrics/metrics-core/3.2.4/metrics-core-3.2.4.jar:/Users/byeongcheollim/.m2/repository/org/apache/commons/commons-compress/1.26.1/commons-compress-1.26.1.jar:/Users/byeongcheollim/.m2/repository/org/bouncycastle/bcprov-jdk18on/1.78.1/bcprov-jdk18on-1.78.1.jar:/Users/byeongcheollim/.m2/repository/org/apache/kerby/kerb-core/2.0.3/kerb-core-2.0.3.jar:/Users/byeongcheollim/.m2/repository/org/apache/kerby/kerby-pkix/2.0.3/kerby-pkix-2.0.3.jar:/Users/byeongcheollim/.m2/repository/org/apache/kerby/kerby-asn1/2.0.3/kerby-asn1-2.0.3.jar:/Users/byeongcheollim/.m2/repository/org/apache/kerby/kerby-util/2.0.3/kerby-util-2.0.3.jar:/Users/byeongcheollim/.m2/repository/com/fasterxml/jackson/core/jackson-databind/2.12.7.1/jackson-databind-2.12.7.1.jar:/Users/byeongcheollim/.m2/repository/com/fasterxml/jackson/core/jackson-annotations/2.12.7/jackson-annotations-2.12.7.jar:/Users/byeongcheollim/.m2/repository/org/codehaus/woodstox/stax2-api/4.2.1/stax2-api-4.2.1.jar:/Users/byeongcheollim/.m2/repository/com/fasterxml/woodstox/woodstox-core/5.4.0/woodstox-core-5.4.0.jar:/Users/byeongcheollim/.m2/repository/dnsjava/dnsjava/3.6.1/dnsjava-3.6.1.jar:/Users/byeongcheollim/.m2/repository/org/xerial/snappy/snappy-java/1.1.10.4/snappy-java-1.1.10.4.jar:/Users/byeongcheollim/.m2/repository/org/apache/hadoop/hadoop-mapreduce-client-core/3.4.1/hadoop-mapreduce-client-core-3.4.1.jar:/Users/byeongcheollim/.m2/repository/org/apache/hadoop/hadoop-yarn-client/3.4.1/hadoop-yarn-client-3.4.1.jar:/Users/byeongcheollim/.m2/repository/org/eclipse/jetty/websocket/websocket-client/9.4.53.v20231009/websocket-client-9.4.53.v20231009.jar:/Users/byeongcheollim/.m2/repository/org/eclipse/jetty/jetty-client/9.4.53.v20231009/jetty-client-9.4.53.v20231009.jar:/Users/byeongcheollim/.m2/repository/org/eclipse/jetty/websocket/websocket-common/9.4.53.v20231009/websocket-common-9.4.53.v20231009.jar:/Users/byeongcheollim/.m2/repository/org/eclipse/jetty/websocket/websocket-api/9.4.53.v20231009/websocket-api-9.4.53.v20231009.jar:/Users/byeongcheollim/.m2/repository/org/apache/hadoop/hadoop-yarn-api/3.4.1/hadoop-yarn-api-3.4.1.jar:/Users/byeongcheollim/.m2/repository/org/jline/jline/3.9.0/jline-3.9.0.jar:/Users/byeongcheollim/.m2/repository/org/apache/hadoop/hadoop-yarn-common/3.4.1/hadoop-yarn-common-3.4.1.jar:/Users/byeongcheollim/.m2/repository/javax/xml/bind/jaxb-api/2.2.11/jaxb-api-2.2.11.jar:/Users/byeongcheollim/.m2/repository/com/sun/jersey/jersey-client/1.19.4/jersey-client-1.19.4.jar:/Users/byeongcheollim/.m2/repository/com/google/inject/guice/4.2.3/guice-4.2.3.jar:/Users/byeongcheollim/.m2/repository/javax/inject/javax.inject/1/javax.inject-1.jar:/Users/byeongcheollim/.m2/repository/aopalliance/aopalliance/1.0/aopalliance-1.0.jar:/Users/byeongcheollim/.m2/repository/com/sun/jersey/contribs/jersey-guice/1.19.4/jersey-guice-1.19.4.jar:/Users/byeongcheollim/.m2/repository/com/fasterxml/jackson/module/jackson-module-jaxb-annotations/2.12.7/jackson-module-jaxb-annotations-2.12.7.jar:/Users/byeongcheollim/.m2/repository/jakarta/xml/bind/jakarta.xml.bind-api/2.3.2/jakarta.xml.bind-api-2.3.2.jar:/Users/byeongcheollim/.m2/repository/com/fasterxml/jackson/jaxrs/jackson-jaxrs-json-provider/2.12.7/jackson-jaxrs-json-provider-2.12.7.jar:/Users/byeongcheollim/.m2/repository/com/fasterxml/jackson/jaxrs/jackson-jaxrs-base/2.12.7/jackson-jaxrs-base-2.12.7.jar:/Users/byeongcheollim/.m2/repository/org/apache/hadoop/hadoop-hdfs-client/3.4.1/hadoop-hdfs-client-3.4.1.jar:/Users/byeongcheollim/.m2/repository/com/google/inject/extensions/guice-servlet/4.2.3/guice-servlet-4.2.3.jar:/Users/byeongcheollim/.m2/repository/io/netty/netty-all/4.1.100.Final/netty-all-4.1.100.Final.jar:/Users/byeongcheollim/.m2/repository/io/netty/netty-codec-dns/4.1.100.Final/netty-codec-dns-4.1.100.Final.jar:/Users/byeongcheollim/.m2/repository/io/netty/netty-codec-haproxy/4.1.100.Final/netty-codec-haproxy-4.1.100.Final.jar:/Users/byeongcheollim/.m2/repository/io/netty/netty-codec-http/4.1.100.Final/netty-codec-http-4.1.100.Final.jar:/Users/byeongcheollim/.m2/repository/io/netty/netty-codec-http2/4.1.100.Final/netty-codec-http2-4.1.100.Final.jar:/Users/byeongcheollim/.m2/repository/io/netty/netty-codec-memcache/4.1.100.Final/netty-codec-memcache-4.1.100.Final.jar:/Users/byeongcheollim/.m2/repository/io/netty/netty-codec-mqtt/4.1.100.Final/netty-codec-mqtt-4.1.100.Final.jar:/Users/byeongcheollim/.m2/repository/io/netty/netty-codec-redis/4.1.100.Final/netty-codec-redis-4.1.100.Final.jar:/Users/byeongcheollim/.m2/repository/io/netty/netty-codec-smtp/4.1.100.Final/netty-codec-smtp-4.1.100.Final.jar:/Users/byeongcheollim/.m2/repository/io/netty/netty-codec-socks/4.1.100.Final/netty-codec-socks-4.1.100.Final.jar:/Users/byeongcheollim/.m2/repository/io/netty/netty-codec-stomp/4.1.100.Final/netty-codec-stomp-4.1.100.Final.jar:/Users/byeongcheollim/.m2/repository/io/netty/netty-codec-xml/4.1.100.Final/netty-codec-xml-4.1.100.Final.jar:/Users/byeongcheollim/.m2/repository/io/netty/netty-handler-proxy/4.1.100.Final/netty-handler-proxy-4.1.100.Final.jar:/Users/byeongcheollim/.m2/repository/io/netty/netty-handler-ssl-ocsp/4.1.100.Final/netty-handler-ssl-ocsp-4.1.100.Final.jar:/Users/byeongcheollim/.m2/repository/io/netty/netty-resolver-dns/4.1.100.Final/netty-resolver-dns-4.1.100.Final.jar:/Users/byeongcheollim/.m2/repository/io/netty/netty-transport-rxtx/4.1.100.Final/netty-transport-rxtx-4.1.100.Final.jar:/Users/byeongcheollim/.m2/repository/io/netty/netty-transport-sctp/4.1.100.Final/netty-transport-sctp-4.1.100.Final.jar:/Users/byeongcheollim/.m2/repository/io/netty/netty-transport-udt/4.1.100.Final/netty-transport-udt-4.1.100.Final.jar:/Users/byeongcheollim/.m2/repository/io/netty/netty-transport-classes-kqueue/4.1.100.Final/netty-transport-classes-kqueue-4.1.100.Final.jar:/Users/byeongcheollim/.m2/repository/io/netty/netty-resolver-dns-classes-macos/4.1.100.Final/netty-resolver-dns-classes-macos-4.1.100.Final.jar:/Users/byeongcheollim/.m2/repository/io/netty/netty-transport-native-epoll/4.1.100.Final/netty-transport-native-epoll-4.1.100.Final-linux-x86_64.jar:/Users/byeongcheollim/.m2/repository/io/netty/netty-transport-native-epoll/4.1.100.Final/netty-transport-native-epoll-4.1.100.Final-linux-aarch_64.jar:/Users/byeongcheollim/.m2/repository/io/netty/netty-transport-native-kqueue/4.1.100.Final/netty-transport-native-kqueue-4.1.100.Final-osx-x86_64.jar:/Users/byeongcheollim/.m2/repository/io/netty/netty-transport-native-kqueue/4.1.100.Final/netty-transport-native-kqueue-4.1.100.Final-osx-aarch_64.jar:/Users/byeongcheollim/.m2/repository/io/netty/netty-resolver-dns-native-macos/4.1.100.Final/netty-resolver-dns-native-macos-4.1.100.Final-osx-x86_64.jar:/Users/byeongcheollim/.m2/repository/io/netty/netty-resolver-dns-native-macos/4.1.100.Final/netty-resolver-dns-native-macos-4.1.100.Final-osx-aarch_64.jar:"/>
    <property name="sun.cpu.endian" value="little"/>
    <property name="user.home" value="/Users/byeongcheollim"/>
    <property name="user.language" value="ko"/>
    <property name="java.specification.vendor" value="Oracle Corporation"/>
    <property name="java.home" value="/Users/byeongcheollim/Library/Java/JavaVirtualMachines/azul-1.8.0_422/Contents/Home/jre"/>
    <property name="basedir" value="/Users/byeongcheollim/workspace/hadoop/java/max-temperature"/>
    <property name="file.separator" value="/"/>
    <property name="line.separator" value="&#10;"/>
    <property name="jdk.vendor.version" value="Zulu 8.80.0.17-CA-macosx"/>
    <property name="java.vm.specification.vendor" value="Oracle Corporation"/>
    <property name="java.specification.name" value="Java Platform API Specification"/>
    <property name="java.awt.graphicsenv" value="sun.awt.CGraphicsEnvironment"/>
    <property name="surefire.real.class.path" value="/Users/byeongcheollim/workspace/hadoop/java/max-temperature/target/surefire/surefirebooter-20241026154552283_3.jar"/>
    <property name="sun.boot.class.path" value="/Users/byeongcheollim/Library/Java/JavaVirtualMachines/azul-1.8.0_422/Contents/Home/jre/lib/resources.jar:/Users/byeongcheollim/Library/Java/JavaVirtualMachines/azul-1.8.0_422/Contents/Home/jre/lib/rt.jar:/Users/byeongcheollim/Library/Java/JavaVirtualMachines/azul-1.8.0_422/Contents/Home/jre/lib/sunrsasign.jar:/Users/byeongcheollim/Library/Java/JavaVirtualMachines/azul-1.8.0_422/Contents/Home/jre/lib/jsse.jar:/Users/byeongcheollim/Library/Java/JavaVirtualMachines/azul-1.8.0_422/Contents/Home/jre/lib/jce.jar:/Users/byeongcheollim/Library/Java/JavaVirtualMachines/azul-1.8.0_422/Contents/Home/jre/lib/charsets.jar:/Users/byeongcheollim/Library/Java/JavaVirtualMachines/azul-1.8.0_422/Contents/Home/jre/lib/jfr.jar:/Users/byeongcheollim/Library/Java/JavaVirtualMachines/azul-1.8.0_422/Contents/Home/jre/lib/cat.jar:/Users/byeongcheollim/Library/Java/JavaVirtualMachines/azul-1.8.0_422/Contents/Home/jre/classes"/>
    <property name="sun.management.compiler" value="HotSpot 64-Bit Tiered Compilers"/>
    <property name="ftp.nonProxyHosts" value="local|*.local|169.254/16|*.169.254/16|127.0.0.1:21300|*.127.0.0.1:21300"/>
    <property name="java.runtime.version" value="1.8.0_422-b05"/>
    <property name="user.name" value="byeongcheollim"/>
    <property name="path.separator" value=":"/>
    <property name="os.version" value="14.6.1"/>
    <property name="java.endorsed.dirs" value="/Users/byeongcheollim/Library/Java/JavaVirtualMachines/azul-1.8.0_422/Contents/Home/jre/lib/endorsed"/>
    <property name="java.runtime.name" value="OpenJDK Runtime Environment"/>
    <property name="file.encoding" value="UTF-8"/>
    <property name="java.vm.name" value="OpenJDK 64-Bit Server VM"/>
    <property name="localRepository" value="/Users/byeongcheollim/.m2/repository"/>
    <property name="java.vendor.url.bug" value="http://www.azul.com/support/"/>
    <property name="java.io.tmpdir" value="/var/folders/pn/8brbt71d0zqd9tm7cjks7xd00000gn/T/"/>
    <property name="java.version" value="1.8.0_422"/>
    <property name="user.dir" value="/Users/byeongcheollim/workspace/hadoop/java/max-temperature"/>
    <property name="os.arch" value="x86_64"/>
    <property name="java.vm.specification.name" value="Java Virtual Machine Specification"/>
    <property name="java.awt.printerjob" value="sun.lwawt.macosx.CPrinterJob"/>
    <property name="sun.os.patch.level" value="unknown"/>
    <property name="java.library.path" value="/Users/byeongcheollim/Library/Java/Extensions:/Library/Java/Extensions:/Network/Library/Java/Extensions:/System/Library/Java/Extensions:/usr/lib/java:."/>
    <property name="java.vm.info" value="mixed mode"/>
    <property name="java.vendor" value="Azul Systems, Inc."/>
    <property name="java.vm.version" value="25.422-b05"/>
    <property name="java.specification.maintenance.version" value="5"/>
    <property name="java.ext.dirs" value="/Users/byeongcheollim/Library/Java/Extensions:/Users/byeongcheollim/Library/Java/JavaVirtualMachines/azul-1.8.0_422/Contents/Home/jre/lib/ext:/Library/Java/Extensions:/Network/Library/Java/Extensions:/System/Library/Java/Extensions:/usr/lib/java"/>
    <property name="sun.io.unicode.encoding" value="UnicodeBig"/>
    <property name="java.class.version" value="52.0"/>
    <property name="socksNonProxyHosts" value="local|*.local|169.254/16|*.169.254/16|127.0.0.1:21300|*.127.0.0.1:21300"/>
  </properties>
  <testcase name="shouldAnswerWithTrue" classname="com.ciel.app.AppTest" time="0.023"/>
</testsuite>